[05-Jul-2025 05:48:06 UTC] PHP Warning:  Undefined array key "id" in C:\Users\LENOVO\Local Sites\schbangcom\app\public\wp-content\plugins\elementor\includes\managers\image.php on line 41
[05-Jul-2025 05:48:06 UTC] PHP Warning:  Undefined array key "id" in C:\Users\LENOVO\Local Sites\schbangcom\app\public\wp-content\plugins\elementor\includes\managers\image.php on line 41
[05-Jul-2025 05:48:06 UTC] PHP Warning:  Trying to access array offset on value of type bool in C:\Users\LENOVO\Local Sites\schbangcom\app\public\wp-content\plugins\elementor\includes\managers\image.php on line 113
[05-Jul-2025 05:48:06 UTC] PHP Warning:  Trying to access array offset on value of type bool in C:\Users\LENOVO\Local Sites\schbangcom\app\public\wp-content\plugins\elementor\includes\managers\image.php on line 113
[05-Jul-2025 05:48:06 UTC] PHP Warning:  Trying to access array offset on value of type bool in C:\Users\LENOVO\Local Sites\schbangcom\app\public\wp-content\plugins\elementor\includes\managers\image.php on line 113
[05-Jul-2025 05:48:06 UTC] PHP Warning:  Trying to access array offset on value of type bool in C:\Users\LENOVO\Local Sites\schbangcom\app\public\wp-content\plugins\elementor\includes\managers\image.php on line 113
[05-Jul-2025 05:48:06 UTC] PHP Warning:  Trying to access array offset on value of type bool in C:\Users\LENOVO\Local Sites\schbangcom\app\public\wp-content\plugins\elementor\includes\managers\image.php on line 113
[05-Jul-2025 05:48:06 UTC] PHP Warning:  Trying to access array offset on value of type bool in C:\Users\LENOVO\Local Sites\schbangcom\app\public\wp-content\plugins\elementor\includes\managers\image.php on line 113
[05-Jul-2025 05:48:06 UTC] PHP Warning:  Trying to access array offset on value of type bool in C:\Users\LENOVO\Local Sites\schbangcom\app\public\wp-content\plugins\elementor\includes\managers\image.php on line 113
[05-Jul-2025 05:48:06 UTC] PHP Warning:  Trying to access array offset on value of type bool in C:\Users\LENOVO\Local Sites\schbangcom\app\public\wp-content\plugins\elementor\includes\managers\image.php on line 113
[05-Jul-2025 05:48:06 UTC] PHP Warning:  Trying to access array offset on value of type bool in C:\Users\LENOVO\Local Sites\schbangcom\app\public\wp-content\plugins\elementor\includes\managers\image.php on line 113
[05-Jul-2025 05:48:06 UTC] PHP Warning:  Trying to access array offset on value of type bool in C:\Users\LENOVO\Local Sites\schbangcom\app\public\wp-content\plugins\elementor\includes\managers\image.php on line 113
[05-Jul-2025 05:48:06 UTC] PHP Warning:  Trying to access array offset on value of type bool in C:\Users\LENOVO\Local Sites\schbangcom\app\public\wp-content\plugins\elementor\includes\managers\image.php on line 113
[05-Jul-2025 05:48:06 UTC] PHP Warning:  Trying to access array offset on value of type bool in C:\Users\LENOVO\Local Sites\schbangcom\app\public\wp-content\plugins\elementor\includes\managers\image.php on line 113
[05-Jul-2025 05:48:06 UTC] PHP Warning:  Undefined array key "id" in C:\Users\LENOVO\Local Sites\schbangcom\app\public\wp-content\plugins\elementor\includes\managers\image.php on line 41
[05-Jul-2025 05:48:06 UTC] PHP Warning:  Undefined array key "id" in C:\Users\LENOVO\Local Sites\schbangcom\app\public\wp-content\plugins\elementor\includes\managers\image.php on line 41
[05-Jul-2025 05:48:06 UTC] PHP Warning:  Trying to access array offset on value of type bool in C:\Users\LENOVO\Local Sites\schbangcom\app\public\wp-content\plugins\elementor\includes\managers\image.php on line 113
[05-Jul-2025 05:48:06 UTC] PHP Warning:  Trying to access array offset on value of type bool in C:\Users\LENOVO\Local Sites\schbangcom\app\public\wp-content\plugins\elementor\includes\managers\image.php on line 113
[05-Jul-2025 05:48:06 UTC] PHP Warning:  Trying to access array offset on value of type bool in C:\Users\LENOVO\Local Sites\schbangcom\app\public\wp-content\plugins\elementor\includes\managers\image.php on line 113
[05-Jul-2025 05:48:06 UTC] PHP Warning:  Trying to access array offset on value of type bool in C:\Users\LENOVO\Local Sites\schbangcom\app\public\wp-content\plugins\elementor\includes\managers\image.php on line 113
[05-Jul-2025 05:48:06 UTC] PHP Warning:  Trying to access array offset on value of type bool in C:\Users\LENOVO\Local Sites\schbangcom\app\public\wp-content\plugins\elementor\includes\managers\image.php on line 113
[05-Jul-2025 05:48:06 UTC] PHP Warning:  Trying to access array offset on value of type bool in C:\Users\LENOVO\Local Sites\schbangcom\app\public\wp-content\plugins\elementor\includes\managers\image.php on line 113
[05-Jul-2025 05:48:06 UTC] PHP Warning:  Trying to access array offset on value of type bool in C:\Users\LENOVO\Local Sites\schbangcom\app\public\wp-content\plugins\elementor\includes\managers\image.php on line 113
[05-Jul-2025 05:48:06 UTC] PHP Warning:  Trying to access array offset on value of type bool in C:\Users\LENOVO\Local Sites\schbangcom\app\public\wp-content\plugins\elementor\includes\managers\image.php on line 113
[05-Jul-2025 05:48:06 UTC] PHP Warning:  Trying to access array offset on value of type bool in C:\Users\LENOVO\Local Sites\schbangcom\app\public\wp-content\plugins\elementor\includes\managers\image.php on line 113
[05-Jul-2025 05:48:06 UTC] PHP Warning:  Trying to access array offset on value of type bool in C:\Users\LENOVO\Local Sites\schbangcom\app\public\wp-content\plugins\elementor\includes\managers\image.php on line 113
[05-Jul-2025 05:48:06 UTC] PHP Warning:  Trying to access array offset on value of type bool in C:\Users\LENOVO\Local Sites\schbangcom\app\public\wp-content\plugins\elementor\includes\managers\image.php on line 113
[05-Jul-2025 05:48:06 UTC] PHP Warning:  Trying to access array offset on value of type bool in C:\Users\LENOVO\Local Sites\schbangcom\app\public\wp-content\plugins\elementor\includes\managers\image.php on line 113
[05-Jul-2025 05:48:06 UTC] PHP Warning:  Undefined array key "id" in C:\Users\LENOVO\Local Sites\schbangcom\app\public\wp-content\plugins\elementor\includes\managers\image.php on line 41
[05-Jul-2025 05:48:06 UTC] PHP Warning:  Undefined array key "id" in C:\Users\LENOVO\Local Sites\schbangcom\app\public\wp-content\plugins\elementor\includes\managers\image.php on line 41
[05-Jul-2025 05:48:06 UTC] PHP Warning:  Trying to access array offset on value of type bool in C:\Users\LENOVO\Local Sites\schbangcom\app\public\wp-content\plugins\elementor\includes\managers\image.php on line 113
[05-Jul-2025 05:48:06 UTC] PHP Warning:  Trying to access array offset on value of type bool in C:\Users\LENOVO\Local Sites\schbangcom\app\public\wp-content\plugins\elementor\includes\managers\image.php on line 113
[05-Jul-2025 05:48:06 UTC] PHP Warning:  Trying to access array offset on value of type bool in C:\Users\LENOVO\Local Sites\schbangcom\app\public\wp-content\plugins\elementor\includes\managers\image.php on line 113
[05-Jul-2025 05:48:06 UTC] PHP Warning:  Trying to access array offset on value of type bool in C:\Users\LENOVO\Local Sites\schbangcom\app\public\wp-content\plugins\elementor\includes\managers\image.php on line 113
[05-Jul-2025 05:48:06 UTC] PHP Warning:  Trying to access array offset on value of type bool in C:\Users\LENOVO\Local Sites\schbangcom\app\public\wp-content\plugins\elementor\includes\managers\image.php on line 113
[05-Jul-2025 05:48:06 UTC] PHP Warning:  Trying to access array offset on value of type bool in C:\Users\LENOVO\Local Sites\schbangcom\app\public\wp-content\plugins\elementor\includes\managers\image.php on line 113
[05-Jul-2025 05:48:06 UTC] PHP Warning:  Trying to access array offset on value of type bool in C:\Users\LENOVO\Local Sites\schbangcom\app\public\wp-content\plugins\elementor\includes\managers\image.php on line 113
[05-Jul-2025 05:48:06 UTC] PHP Warning:  Trying to access array offset on value of type bool in C:\Users\LENOVO\Local Sites\schbangcom\app\public\wp-content\plugins\elementor\includes\managers\image.php on line 113
[05-Jul-2025 05:48:06 UTC] PHP Warning:  Trying to access array offset on value of type bool in C:\Users\LENOVO\Local Sites\schbangcom\app\public\wp-content\plugins\elementor\includes\managers\image.php on line 113
[05-Jul-2025 05:48:06 UTC] PHP Warning:  Trying to access array offset on value of type bool in C:\Users\LENOVO\Local Sites\schbangcom\app\public\wp-content\plugins\elementor\includes\managers\image.php on line 113
[05-Jul-2025 05:48:06 UTC] PHP Warning:  Trying to access array offset on value of type bool in C:\Users\LENOVO\Local Sites\schbangcom\app\public\wp-content\plugins\elementor\includes\managers\image.php on line 113
[05-Jul-2025 05:48:06 UTC] PHP Warning:  Trying to access array offset on value of type bool in C:\Users\LENOVO\Local Sites\schbangcom\app\public\wp-content\plugins\elementor\includes\managers\image.php on line 113
[05-Jul-2025 05:48:09 UTC] PHP Warning:  Undefined array key "id" in C:\Users\LENOVO\Local Sites\schbangcom\app\public\wp-content\plugins\elementor\includes\managers\image.php on line 41
[05-Jul-2025 05:48:09 UTC] PHP Warning:  Undefined array key "id" in C:\Users\LENOVO\Local Sites\schbangcom\app\public\wp-content\plugins\elementor\includes\managers\image.php on line 41
[05-Jul-2025 05:48:09 UTC] PHP Warning:  Trying to access array offset on value of type bool in C:\Users\LENOVO\Local Sites\schbangcom\app\public\wp-content\plugins\elementor\includes\managers\image.php on line 113
[05-Jul-2025 05:48:09 UTC] PHP Warning:  Trying to access array offset on value of type bool in C:\Users\LENOVO\Local Sites\schbangcom\app\public\wp-content\plugins\elementor\includes\managers\image.php on line 113
[05-Jul-2025 05:48:09 UTC] PHP Warning:  Trying to access array offset on value of type bool in C:\Users\LENOVO\Local Sites\schbangcom\app\public\wp-content\plugins\elementor\includes\managers\image.php on line 113
[05-Jul-2025 05:48:09 UTC] PHP Warning:  Trying to access array offset on value of type bool in C:\Users\LENOVO\Local Sites\schbangcom\app\public\wp-content\plugins\elementor\includes\managers\image.php on line 113
[05-Jul-2025 05:48:09 UTC] PHP Warning:  Trying to access array offset on value of type bool in C:\Users\LENOVO\Local Sites\schbangcom\app\public\wp-content\plugins\elementor\includes\managers\image.php on line 113
[05-Jul-2025 05:48:09 UTC] PHP Warning:  Trying to access array offset on value of type bool in C:\Users\LENOVO\Local Sites\schbangcom\app\public\wp-content\plugins\elementor\includes\managers\image.php on line 113
[05-Jul-2025 05:48:09 UTC] PHP Warning:  Trying to access array offset on value of type bool in C:\Users\LENOVO\Local Sites\schbangcom\app\public\wp-content\plugins\elementor\includes\managers\image.php on line 113
[05-Jul-2025 05:48:09 UTC] PHP Warning:  Trying to access array offset on value of type bool in C:\Users\LENOVO\Local Sites\schbangcom\app\public\wp-content\plugins\elementor\includes\managers\image.php on line 113
[05-Jul-2025 05:48:09 UTC] PHP Warning:  Trying to access array offset on value of type bool in C:\Users\LENOVO\Local Sites\schbangcom\app\public\wp-content\plugins\elementor\includes\managers\image.php on line 113
[05-Jul-2025 05:48:09 UTC] PHP Warning:  Trying to access array offset on value of type bool in C:\Users\LENOVO\Local Sites\schbangcom\app\public\wp-content\plugins\elementor\includes\managers\image.php on line 113
[05-Jul-2025 05:48:09 UTC] PHP Warning:  Trying to access array offset on value of type bool in C:\Users\LENOVO\Local Sites\schbangcom\app\public\wp-content\plugins\elementor\includes\managers\image.php on line 113
[05-Jul-2025 05:48:09 UTC] PHP Warning:  Trying to access array offset on value of type bool in C:\Users\LENOVO\Local Sites\schbangcom\app\public\wp-content\plugins\elementor\includes\managers\image.php on line 113
[05-Jul-2025 05:48:09 UTC] PHP Warning:  Undefined array key "id" in C:\Users\LENOVO\Local Sites\schbangcom\app\public\wp-content\plugins\elementor\includes\managers\image.php on line 41
[05-Jul-2025 05:48:09 UTC] PHP Warning:  Undefined array key "id" in C:\Users\LENOVO\Local Sites\schbangcom\app\public\wp-content\plugins\elementor\includes\managers\image.php on line 41
[05-Jul-2025 05:48:09 UTC] PHP Warning:  Trying to access array offset on value of type bool in C:\Users\LENOVO\Local Sites\schbangcom\app\public\wp-content\plugins\elementor\includes\managers\image.php on line 113
[05-Jul-2025 05:48:09 UTC] PHP Warning:  Trying to access array offset on value of type bool in C:\Users\LENOVO\Local Sites\schbangcom\app\public\wp-content\plugins\elementor\includes\managers\image.php on line 113
[05-Jul-2025 05:48:09 UTC] PHP Warning:  Trying to access array offset on value of type bool in C:\Users\LENOVO\Local Sites\schbangcom\app\public\wp-content\plugins\elementor\includes\managers\image.php on line 113
[05-Jul-2025 05:48:09 UTC] PHP Warning:  Trying to access array offset on value of type bool in C:\Users\LENOVO\Local Sites\schbangcom\app\public\wp-content\plugins\elementor\includes\managers\image.php on line 113
[05-Jul-2025 05:48:09 UTC] PHP Warning:  Trying to access array offset on value of type bool in C:\Users\LENOVO\Local Sites\schbangcom\app\public\wp-content\plugins\elementor\includes\managers\image.php on line 113
[05-Jul-2025 05:48:09 UTC] PHP Warning:  Trying to access array offset on value of type bool in C:\Users\LENOVO\Local Sites\schbangcom\app\public\wp-content\plugins\elementor\includes\managers\image.php on line 113
[05-Jul-2025 05:48:09 UTC] PHP Warning:  Trying to access array offset on value of type bool in C:\Users\LENOVO\Local Sites\schbangcom\app\public\wp-content\plugins\elementor\includes\managers\image.php on line 113
[05-Jul-2025 05:48:09 UTC] PHP Warning:  Trying to access array offset on value of type bool in C:\Users\LENOVO\Local Sites\schbangcom\app\public\wp-content\plugins\elementor\includes\managers\image.php on line 113
[05-Jul-2025 05:48:09 UTC] PHP Warning:  Trying to access array offset on value of type bool in C:\Users\LENOVO\Local Sites\schbangcom\app\public\wp-content\plugins\elementor\includes\managers\image.php on line 113
[05-Jul-2025 05:48:09 UTC] PHP Warning:  Trying to access array offset on value of type bool in C:\Users\LENOVO\Local Sites\schbangcom\app\public\wp-content\plugins\elementor\includes\managers\image.php on line 113
[05-Jul-2025 05:48:09 UTC] PHP Warning:  Trying to access array offset on value of type bool in C:\Users\LENOVO\Local Sites\schbangcom\app\public\wp-content\plugins\elementor\includes\managers\image.php on line 113
[05-Jul-2025 05:48:09 UTC] PHP Warning:  Trying to access array offset on value of type bool in C:\Users\LENOVO\Local Sites\schbangcom\app\public\wp-content\plugins\elementor\includes\managers\image.php on line 113
[05-Jul-2025 06:44:59 UTC] WordPress database error BLOB, TEXT, GEOMETRY or JSON column 'option_value' can't have a default value for query ALTER TABLE wp_depicter_options ALTER COLUMN `option_value` SET DEFAULT '' made by require_once('wp-admin/admin.php'), do_action('admin_init'), WP_Hook->do_action, WP_Hook->apply_filters, Depicter\WordPress\PluginServiceProvider->check_plugin_upgrade_via_upload, do_action('depicter/plugin/updated'), WP_Hook->do_action, WP_Hook->apply_filters, Depicter\Database\DatabaseServiceProvider->migrate, Averta\WordPress\Database\Migration->migrate, Averta\WordPress\Database\Migration->create_tables, Depicter\Database\Migration->create_table_options, Averta\WordPress\Database\Migration->dbDelta, dbDelta
[05-Jul-2025 06:44:59 UTC] WordPress database error BLOB, TEXT, GEOMETRY or JSON column 'meta_value' can't have a default value for query ALTER TABLE wp_depicter_meta ALTER COLUMN `meta_value` SET DEFAULT '' made by require_once('wp-admin/admin.php'), do_action('admin_init'), WP_Hook->do_action, WP_Hook->apply_filters, Depicter\WordPress\PluginServiceProvider->check_plugin_upgrade_via_upload, do_action('depicter/plugin/updated'), WP_Hook->do_action, WP_Hook->apply_filters, Depicter\Database\DatabaseServiceProvider->migrate, Averta\WordPress\Database\Migration->migrate, Averta\WordPress\Database\Migration->create_tables, Depicter\Database\Migration->create_table_meta, Averta\WordPress\Database\Migration->dbDelta, dbDelta
[05-Jul-2025 06:44:59 UTC] WordPress database error BLOB, TEXT, GEOMETRY or JSON column 'value' can't have a default value for query ALTER TABLE wp_depicter_lead_fields ALTER COLUMN `value` SET DEFAULT '' made by require_once('wp-admin/admin.php'), do_action('admin_init'), WP_Hook->do_action, WP_Hook->apply_filters, Depicter\WordPress\PluginServiceProvider->check_plugin_upgrade_via_upload, do_action('depicter/plugin/updated'), WP_Hook->do_action, WP_Hook->apply_filters, Depicter\Database\DatabaseServiceProvider->migrate, Averta\WordPress\Database\Migration->migrate, Averta\WordPress\Database\Migration->create_tables, Depicter\Database\Migration->create_table_lead_fields, Averta\WordPress\Database\Migration->dbDelta, dbDelta
[05-Jul-2025 06:52:29 UTC] PHP Warning:  Attempt to read property "term_id" on array in C:\Users\LENOVO\Local Sites\schbangcom\app\public\wp-content\plugins\royal-elementor-addons\includes\controls\wpr-ajax-select2\wpr-control-ajax-select2-api.php on line 137
[05-Jul-2025 06:52:29 UTC] PHP Warning:  Attempt to read property "name" on array in C:\Users\LENOVO\Local Sites\schbangcom\app\public\wp-content\plugins\royal-elementor-addons\includes\controls\wpr-ajax-select2\wpr-control-ajax-select2-api.php on line 138
[05-Jul-2025 06:52:29 UTC] PHP Warning:  Attempt to read property "term_id" on array in C:\Users\LENOVO\Local Sites\schbangcom\app\public\wp-content\plugins\royal-elementor-addons\includes\controls\wpr-ajax-select2\wpr-control-ajax-select2-api.php on line 137
[05-Jul-2025 06:52:29 UTC] PHP Warning:  Attempt to read property "name" on array in C:\Users\LENOVO\Local Sites\schbangcom\app\public\wp-content\plugins\royal-elementor-addons\includes\controls\wpr-ajax-select2\wpr-control-ajax-select2-api.php on line 138
[05-Jul-2025 06:52:40 UTC] PHP Warning:  Attempt to read property "term_id" on array in C:\Users\LENOVO\Local Sites\schbangcom\app\public\wp-content\plugins\royal-elementor-addons\includes\controls\wpr-ajax-select2\wpr-control-ajax-select2-api.php on line 137
[05-Jul-2025 06:52:40 UTC] PHP Warning:  Attempt to read property "name" on array in C:\Users\LENOVO\Local Sites\schbangcom\app\public\wp-content\plugins\royal-elementor-addons\includes\controls\wpr-ajax-select2\wpr-control-ajax-select2-api.php on line 138
[05-Jul-2025 06:52:40 UTC] PHP Warning:  Attempt to read property "term_id" on array in C:\Users\LENOVO\Local Sites\schbangcom\app\public\wp-content\plugins\royal-elementor-addons\includes\controls\wpr-ajax-select2\wpr-control-ajax-select2-api.php on line 137
[05-Jul-2025 06:52:40 UTC] PHP Warning:  Attempt to read property "name" on array in C:\Users\LENOVO\Local Sites\schbangcom\app\public\wp-content\plugins\royal-elementor-addons\includes\controls\wpr-ajax-select2\wpr-control-ajax-select2-api.php on line 138
[05-Jul-2025 06:53:00 UTC] PHP Warning:  Attempt to read property "term_id" on array in C:\Users\LENOVO\Local Sites\schbangcom\app\public\wp-content\plugins\royal-elementor-addons\includes\controls\wpr-ajax-select2\wpr-control-ajax-select2-api.php on line 137
[05-Jul-2025 06:53:00 UTC] PHP Warning:  Attempt to read property "name" on array in C:\Users\LENOVO\Local Sites\schbangcom\app\public\wp-content\plugins\royal-elementor-addons\includes\controls\wpr-ajax-select2\wpr-control-ajax-select2-api.php on line 138
[05-Jul-2025 06:53:00 UTC] PHP Warning:  Attempt to read property "term_id" on array in C:\Users\LENOVO\Local Sites\schbangcom\app\public\wp-content\plugins\royal-elementor-addons\includes\controls\wpr-ajax-select2\wpr-control-ajax-select2-api.php on line 137
[05-Jul-2025 06:53:00 UTC] PHP Warning:  Attempt to read property "name" on array in C:\Users\LENOVO\Local Sites\schbangcom\app\public\wp-content\plugins\royal-elementor-addons\includes\controls\wpr-ajax-select2\wpr-control-ajax-select2-api.php on line 138
[05-Jul-2025 06:53:59 UTC] PHP Warning:  Attempt to read property "term_id" on array in C:\Users\LENOVO\Local Sites\schbangcom\app\public\wp-content\plugins\royal-elementor-addons\includes\controls\wpr-ajax-select2\wpr-control-ajax-select2-api.php on line 137
[05-Jul-2025 06:53:59 UTC] PHP Warning:  Attempt to read property "name" on array in C:\Users\LENOVO\Local Sites\schbangcom\app\public\wp-content\plugins\royal-elementor-addons\includes\controls\wpr-ajax-select2\wpr-control-ajax-select2-api.php on line 138
[05-Jul-2025 06:53:59 UTC] PHP Warning:  Attempt to read property "term_id" on array in C:\Users\LENOVO\Local Sites\schbangcom\app\public\wp-content\plugins\royal-elementor-addons\includes\controls\wpr-ajax-select2\wpr-control-ajax-select2-api.php on line 137
[05-Jul-2025 06:53:59 UTC] PHP Warning:  Attempt to read property "name" on array in C:\Users\LENOVO\Local Sites\schbangcom\app\public\wp-content\plugins\royal-elementor-addons\includes\controls\wpr-ajax-select2\wpr-control-ajax-select2-api.php on line 138
[05-Jul-2025 06:55:46 UTC] PHP Warning:  Attempt to read property "term_id" on array in C:\Users\LENOVO\Local Sites\schbangcom\app\public\wp-content\plugins\royal-elementor-addons\includes\controls\wpr-ajax-select2\wpr-control-ajax-select2-api.php on line 137
[05-Jul-2025 06:55:46 UTC] PHP Warning:  Attempt to read property "name" on array in C:\Users\LENOVO\Local Sites\schbangcom\app\public\wp-content\plugins\royal-elementor-addons\includes\controls\wpr-ajax-select2\wpr-control-ajax-select2-api.php on line 138
[05-Jul-2025 06:55:46 UTC] PHP Warning:  Attempt to read property "term_id" on array in C:\Users\LENOVO\Local Sites\schbangcom\app\public\wp-content\plugins\royal-elementor-addons\includes\controls\wpr-ajax-select2\wpr-control-ajax-select2-api.php on line 137
[05-Jul-2025 06:55:46 UTC] PHP Warning:  Attempt to read property "name" on array in C:\Users\LENOVO\Local Sites\schbangcom\app\public\wp-content\plugins\royal-elementor-addons\includes\controls\wpr-ajax-select2\wpr-control-ajax-select2-api.php on line 138
[05-Jul-2025 06:57:04 UTC] PHP Warning:  Attempt to read property "term_id" on array in C:\Users\LENOVO\Local Sites\schbangcom\app\public\wp-content\plugins\royal-elementor-addons\includes\controls\wpr-ajax-select2\wpr-control-ajax-select2-api.php on line 137
[05-Jul-2025 06:57:04 UTC] PHP Warning:  Attempt to read property "name" on array in C:\Users\LENOVO\Local Sites\schbangcom\app\public\wp-content\plugins\royal-elementor-addons\includes\controls\wpr-ajax-select2\wpr-control-ajax-select2-api.php on line 138
[05-Jul-2025 06:57:04 UTC] PHP Warning:  Attempt to read property "term_id" on array in C:\Users\LENOVO\Local Sites\schbangcom\app\public\wp-content\plugins\royal-elementor-addons\includes\controls\wpr-ajax-select2\wpr-control-ajax-select2-api.php on line 137
[05-Jul-2025 06:57:04 UTC] PHP Warning:  Attempt to read property "name" on array in C:\Users\LENOVO\Local Sites\schbangcom\app\public\wp-content\plugins\royal-elementor-addons\includes\controls\wpr-ajax-select2\wpr-control-ajax-select2-api.php on line 138
[05-Jul-2025 06:57:06 UTC] PHP Warning:  Attempt to read property "term_id" on array in C:\Users\LENOVO\Local Sites\schbangcom\app\public\wp-content\plugins\royal-elementor-addons\includes\controls\wpr-ajax-select2\wpr-control-ajax-select2-api.php on line 137
[05-Jul-2025 06:57:06 UTC] PHP Warning:  Attempt to read property "name" on array in C:\Users\LENOVO\Local Sites\schbangcom\app\public\wp-content\plugins\royal-elementor-addons\includes\controls\wpr-ajax-select2\wpr-control-ajax-select2-api.php on line 138
[05-Jul-2025 06:57:06 UTC] PHP Warning:  Attempt to read property "term_id" on array in C:\Users\LENOVO\Local Sites\schbangcom\app\public\wp-content\plugins\royal-elementor-addons\includes\controls\wpr-ajax-select2\wpr-control-ajax-select2-api.php on line 137
[05-Jul-2025 06:57:06 UTC] PHP Warning:  Attempt to read property "name" on array in C:\Users\LENOVO\Local Sites\schbangcom\app\public\wp-content\plugins\royal-elementor-addons\includes\controls\wpr-ajax-select2\wpr-control-ajax-select2-api.php on line 138
[05-Jul-2025 07:20:24 UTC] PHP Warning:  Attempt to read property "term_id" on array in C:\Users\LENOVO\Local Sites\schbangcom\app\public\wp-content\plugins\royal-elementor-addons\includes\controls\wpr-ajax-select2\wpr-control-ajax-select2-api.php on line 137
[05-Jul-2025 07:20:24 UTC] PHP Warning:  Attempt to read property "name" on array in C:\Users\LENOVO\Local Sites\schbangcom\app\public\wp-content\plugins\royal-elementor-addons\includes\controls\wpr-ajax-select2\wpr-control-ajax-select2-api.php on line 138
[05-Jul-2025 07:20:24 UTC] PHP Warning:  Attempt to read property "term_id" on array in C:\Users\LENOVO\Local Sites\schbangcom\app\public\wp-content\plugins\royal-elementor-addons\includes\controls\wpr-ajax-select2\wpr-control-ajax-select2-api.php on line 137
[05-Jul-2025 07:20:24 UTC] PHP Warning:  Attempt to read property "name" on array in C:\Users\LENOVO\Local Sites\schbangcom\app\public\wp-content\plugins\royal-elementor-addons\includes\controls\wpr-ajax-select2\wpr-control-ajax-select2-api.php on line 138
[05-Jul-2025 07:20:51 UTC] PHP Warning:  Attempt to read property "term_id" on array in C:\Users\LENOVO\Local Sites\schbangcom\app\public\wp-content\plugins\royal-elementor-addons\includes\controls\wpr-ajax-select2\wpr-control-ajax-select2-api.php on line 137
[05-Jul-2025 07:20:51 UTC] PHP Warning:  Attempt to read property "name" on array in C:\Users\LENOVO\Local Sites\schbangcom\app\public\wp-content\plugins\royal-elementor-addons\includes\controls\wpr-ajax-select2\wpr-control-ajax-select2-api.php on line 138
[05-Jul-2025 07:20:51 UTC] PHP Warning:  Attempt to read property "term_id" on array in C:\Users\LENOVO\Local Sites\schbangcom\app\public\wp-content\plugins\royal-elementor-addons\includes\controls\wpr-ajax-select2\wpr-control-ajax-select2-api.php on line 137
[05-Jul-2025 07:20:51 UTC] PHP Warning:  Attempt to read property "name" on array in C:\Users\LENOVO\Local Sites\schbangcom\app\public\wp-content\plugins\royal-elementor-addons\includes\controls\wpr-ajax-select2\wpr-control-ajax-select2-api.php on line 138
[05-Jul-2025 07:20:56 UTC] PHP Warning:  Attempt to read property "term_id" on array in C:\Users\LENOVO\Local Sites\schbangcom\app\public\wp-content\plugins\royal-elementor-addons\includes\controls\wpr-ajax-select2\wpr-control-ajax-select2-api.php on line 137
[05-Jul-2025 07:20:56 UTC] PHP Warning:  Attempt to read property "name" on array in C:\Users\LENOVO\Local Sites\schbangcom\app\public\wp-content\plugins\royal-elementor-addons\includes\controls\wpr-ajax-select2\wpr-control-ajax-select2-api.php on line 138
[05-Jul-2025 07:20:56 UTC] PHP Warning:  Attempt to read property "term_id" on array in C:\Users\LENOVO\Local Sites\schbangcom\app\public\wp-content\plugins\royal-elementor-addons\includes\controls\wpr-ajax-select2\wpr-control-ajax-select2-api.php on line 137
[05-Jul-2025 07:20:56 UTC] PHP Warning:  Attempt to read property "name" on array in C:\Users\LENOVO\Local Sites\schbangcom\app\public\wp-content\plugins\royal-elementor-addons\includes\controls\wpr-ajax-select2\wpr-control-ajax-select2-api.php on line 138
[05-Jul-2025 07:25:14 UTC] PHP Warning:  Attempt to read property "term_id" on array in C:\Users\LENOVO\Local Sites\schbangcom\app\public\wp-content\plugins\royal-elementor-addons\includes\controls\wpr-ajax-select2\wpr-control-ajax-select2-api.php on line 137
[05-Jul-2025 07:25:14 UTC] PHP Warning:  Attempt to read property "name" on array in C:\Users\LENOVO\Local Sites\schbangcom\app\public\wp-content\plugins\royal-elementor-addons\includes\controls\wpr-ajax-select2\wpr-control-ajax-select2-api.php on line 138
[05-Jul-2025 07:25:14 UTC] PHP Warning:  Attempt to read property "term_id" on array in C:\Users\LENOVO\Local Sites\schbangcom\app\public\wp-content\plugins\royal-elementor-addons\includes\controls\wpr-ajax-select2\wpr-control-ajax-select2-api.php on line 137
[05-Jul-2025 07:25:14 UTC] PHP Warning:  Attempt to read property "name" on array in C:\Users\LENOVO\Local Sites\schbangcom\app\public\wp-content\plugins\royal-elementor-addons\includes\controls\wpr-ajax-select2\wpr-control-ajax-select2-api.php on line 138
[05-Jul-2025 07:25:45 UTC] PHP Warning:  Attempt to read property "term_id" on array in C:\Users\LENOVO\Local Sites\schbangcom\app\public\wp-content\plugins\royal-elementor-addons\includes\controls\wpr-ajax-select2\wpr-control-ajax-select2-api.php on line 137
[05-Jul-2025 07:25:45 UTC] PHP Warning:  Attempt to read property "name" on array in C:\Users\LENOVO\Local Sites\schbangcom\app\public\wp-content\plugins\royal-elementor-addons\includes\controls\wpr-ajax-select2\wpr-control-ajax-select2-api.php on line 138
[05-Jul-2025 07:25:45 UTC] PHP Warning:  Attempt to read property "term_id" on array in C:\Users\LENOVO\Local Sites\schbangcom\app\public\wp-content\plugins\royal-elementor-addons\includes\controls\wpr-ajax-select2\wpr-control-ajax-select2-api.php on line 137
[05-Jul-2025 07:25:45 UTC] PHP Warning:  Attempt to read property "name" on array in C:\Users\LENOVO\Local Sites\schbangcom\app\public\wp-content\plugins\royal-elementor-addons\includes\controls\wpr-ajax-select2\wpr-control-ajax-select2-api.php on line 138
[05-Jul-2025 07:48:51 UTC] Cron reschedule event error for hook: wp_scheduled_delete, Error code: could_not_set, Error message: The cron event list could not be saved., Data: {"schedule":"daily","args":[],"interval":86400}
[05-Jul-2025 08:00:26 UTC] PHP Warning:  Attempt to read property "term_id" on array in C:\Users\LENOVO\Local Sites\schbangcom\app\public\wp-content\plugins\royal-elementor-addons\includes\controls\wpr-ajax-select2\wpr-control-ajax-select2-api.php on line 137
[05-Jul-2025 08:00:26 UTC] PHP Warning:  Attempt to read property "name" on array in C:\Users\LENOVO\Local Sites\schbangcom\app\public\wp-content\plugins\royal-elementor-addons\includes\controls\wpr-ajax-select2\wpr-control-ajax-select2-api.php on line 138
[05-Jul-2025 08:00:26 UTC] PHP Warning:  Attempt to read property "term_id" on array in C:\Users\LENOVO\Local Sites\schbangcom\app\public\wp-content\plugins\royal-elementor-addons\includes\controls\wpr-ajax-select2\wpr-control-ajax-select2-api.php on line 137
[05-Jul-2025 08:00:26 UTC] PHP Warning:  Attempt to read property "name" on array in C:\Users\LENOVO\Local Sites\schbangcom\app\public\wp-content\plugins\royal-elementor-addons\includes\controls\wpr-ajax-select2\wpr-control-ajax-select2-api.php on line 138
[05-Jul-2025 08:15:56 UTC] PHP Warning:  Attempt to read property "term_id" on array in C:\Users\LENOVO\Local Sites\schbangcom\app\public\wp-content\plugins\royal-elementor-addons\includes\controls\wpr-ajax-select2\wpr-control-ajax-select2-api.php on line 137
[05-Jul-2025 08:15:56 UTC] PHP Warning:  Attempt to read property "name" on array in C:\Users\LENOVO\Local Sites\schbangcom\app\public\wp-content\plugins\royal-elementor-addons\includes\controls\wpr-ajax-select2\wpr-control-ajax-select2-api.php on line 138
[05-Jul-2025 08:15:56 UTC] PHP Warning:  Attempt to read property "term_id" on array in C:\Users\LENOVO\Local Sites\schbangcom\app\public\wp-content\plugins\royal-elementor-addons\includes\controls\wpr-ajax-select2\wpr-control-ajax-select2-api.php on line 137
[05-Jul-2025 08:15:56 UTC] PHP Warning:  Attempt to read property "name" on array in C:\Users\LENOVO\Local Sites\schbangcom\app\public\wp-content\plugins\royal-elementor-addons\includes\controls\wpr-ajax-select2\wpr-control-ajax-select2-api.php on line 138
[05-Jul-2025 10:08:07 UTC] PHP Warning:  Attempt to read property "term_id" on array in C:\Users\LENOVO\Local Sites\schbangcom\app\public\wp-content\plugins\royal-elementor-addons\includes\controls\wpr-ajax-select2\wpr-control-ajax-select2-api.php on line 137
[05-Jul-2025 10:08:07 UTC] PHP Warning:  Attempt to read property "name" on array in C:\Users\LENOVO\Local Sites\schbangcom\app\public\wp-content\plugins\royal-elementor-addons\includes\controls\wpr-ajax-select2\wpr-control-ajax-select2-api.php on line 138
[05-Jul-2025 10:08:07 UTC] PHP Warning:  Attempt to read property "term_id" on array in C:\Users\LENOVO\Local Sites\schbangcom\app\public\wp-content\plugins\royal-elementor-addons\includes\controls\wpr-ajax-select2\wpr-control-ajax-select2-api.php on line 137
[05-Jul-2025 10:08:07 UTC] PHP Warning:  Attempt to read property "name" on array in C:\Users\LENOVO\Local Sites\schbangcom\app\public\wp-content\plugins\royal-elementor-addons\includes\controls\wpr-ajax-select2\wpr-control-ajax-select2-api.php on line 138
[05-Jul-2025 10:08:09 UTC] PHP Warning:  Attempt to read property "term_id" on array in C:\Users\LENOVO\Local Sites\schbangcom\app\public\wp-content\plugins\royal-elementor-addons\includes\controls\wpr-ajax-select2\wpr-control-ajax-select2-api.php on line 137
[05-Jul-2025 10:08:09 UTC] PHP Warning:  Attempt to read property "name" on array in C:\Users\LENOVO\Local Sites\schbangcom\app\public\wp-content\plugins\royal-elementor-addons\includes\controls\wpr-ajax-select2\wpr-control-ajax-select2-api.php on line 138
[05-Jul-2025 10:08:09 UTC] PHP Warning:  Attempt to read property "term_id" on array in C:\Users\LENOVO\Local Sites\schbangcom\app\public\wp-content\plugins\royal-elementor-addons\includes\controls\wpr-ajax-select2\wpr-control-ajax-select2-api.php on line 137
[05-Jul-2025 10:08:09 UTC] PHP Warning:  Attempt to read property "name" on array in C:\Users\LENOVO\Local Sites\schbangcom\app\public\wp-content\plugins\royal-elementor-addons\includes\controls\wpr-ajax-select2\wpr-control-ajax-select2-api.php on line 138
[05-Jul-2025 10:08:19 UTC] PHP Warning:  Attempt to read property "term_id" on array in C:\Users\LENOVO\Local Sites\schbangcom\app\public\wp-content\plugins\royal-elementor-addons\includes\controls\wpr-ajax-select2\wpr-control-ajax-select2-api.php on line 137
[05-Jul-2025 10:08:19 UTC] PHP Warning:  Attempt to read property "name" on array in C:\Users\LENOVO\Local Sites\schbangcom\app\public\wp-content\plugins\royal-elementor-addons\includes\controls\wpr-ajax-select2\wpr-control-ajax-select2-api.php on line 138
[05-Jul-2025 10:08:19 UTC] PHP Warning:  Attempt to read property "term_id" on array in C:\Users\LENOVO\Local Sites\schbangcom\app\public\wp-content\plugins\royal-elementor-addons\includes\controls\wpr-ajax-select2\wpr-control-ajax-select2-api.php on line 137
[05-Jul-2025 10:08:19 UTC] PHP Warning:  Attempt to read property "name" on array in C:\Users\LENOVO\Local Sites\schbangcom\app\public\wp-content\plugins\royal-elementor-addons\includes\controls\wpr-ajax-select2\wpr-control-ajax-select2-api.php on line 138
[05-Jul-2025 10:08:45 UTC] PHP Warning:  Attempt to read property "term_id" on array in C:\Users\LENOVO\Local Sites\schbangcom\app\public\wp-content\plugins\royal-elementor-addons\includes\controls\wpr-ajax-select2\wpr-control-ajax-select2-api.php on line 137
[05-Jul-2025 10:08:45 UTC] PHP Warning:  Attempt to read property "name" on array in C:\Users\LENOVO\Local Sites\schbangcom\app\public\wp-content\plugins\royal-elementor-addons\includes\controls\wpr-ajax-select2\wpr-control-ajax-select2-api.php on line 138
[05-Jul-2025 10:08:45 UTC] PHP Warning:  Attempt to read property "term_id" on array in C:\Users\LENOVO\Local Sites\schbangcom\app\public\wp-content\plugins\royal-elementor-addons\includes\controls\wpr-ajax-select2\wpr-control-ajax-select2-api.php on line 137
[05-Jul-2025 10:08:45 UTC] PHP Warning:  Attempt to read property "name" on array in C:\Users\LENOVO\Local Sites\schbangcom\app\public\wp-content\plugins\royal-elementor-addons\includes\controls\wpr-ajax-select2\wpr-control-ajax-select2-api.php on line 138
[05-Jul-2025 10:08:48 UTC] PHP Warning:  Attempt to read property "term_id" on array in C:\Users\LENOVO\Local Sites\schbangcom\app\public\wp-content\plugins\royal-elementor-addons\includes\controls\wpr-ajax-select2\wpr-control-ajax-select2-api.php on line 137
[05-Jul-2025 10:08:48 UTC] PHP Warning:  Attempt to read property "name" on array in C:\Users\LENOVO\Local Sites\schbangcom\app\public\wp-content\plugins\royal-elementor-addons\includes\controls\wpr-ajax-select2\wpr-control-ajax-select2-api.php on line 138
[05-Jul-2025 10:08:48 UTC] PHP Warning:  Attempt to read property "term_id" on array in C:\Users\LENOVO\Local Sites\schbangcom\app\public\wp-content\plugins\royal-elementor-addons\includes\controls\wpr-ajax-select2\wpr-control-ajax-select2-api.php on line 137
[05-Jul-2025 10:08:48 UTC] PHP Warning:  Attempt to read property "name" on array in C:\Users\LENOVO\Local Sites\schbangcom\app\public\wp-content\plugins\royal-elementor-addons\includes\controls\wpr-ajax-select2\wpr-control-ajax-select2-api.php on line 138
